   Compiling ball-game v0.1.0 (/home/joseph/bevy_tuts/ball-game)
error[E0422]: cannot find struct, variant or union type `SpriteBundle` in this scope
   --> src/enemy/systems.rs:169:13
    |
169 |             SpriteBundle {
    |             ^^^^^^^^^^^^ not found in this scope

error[E0425]: cannot find value `Starup` in this scope
  --> src/enemy/mod.rs:19:26
   |
19 |             .add_systems(Starup, spawn_enemies)
   |                          ^^^^^^ help: a unit struct with a similar name exists: `Startup`
   |
  ::: /home/joseph/.cargo/registry/src/index.crates.io-1949cf8c6b5b557f/bevy_app-0.16.1/src/main_schedule.rs:68:1
   |
68 | pub struct Startup;
   | ------------------ similarly named unit struct `Startup` defined here

error[E0412]: cannot find type `PrimaryWindow` in this scope
  --> src/player/systems.rs:10:39
   |
10 |     window_query: Query<&Window, With<PrimaryWindow>>,
   |                                       ^^^^^^^^^^^^^ not found in this scope
   |
help: consider importing this struct through its public re-export
   |
1  + use crate::PrimaryWindow;
   |

error[E0422]: cannot find struct, variant or union type `Player` in this scope
  --> src/player/systems.rs:29:9
   |
29 |         Player{},
   |         ^^^^^^ not found in this scope
   |
help: consider importing this struct
   |
1  + use crate::player::components::Player;
   |

error[E0412]: cannot find type `Player` in this scope
  --> src/player/systems.rs:35:50
   |
35 |     mut player_query: Query<&mut Transform, With<Player>>,
   |                                                  ^^^^^^ not found in this scope
   |
help: consider importing this struct
   |
1  + use crate::player::components::Player;
   |

error[E0412]: cannot find type `Player` in this scope
  --> src/player/systems.rs:65:43
   |
65 |     mut query: Query<&mut Transform, With<Player>>,   // Query::single_mut() for exclusive mut access :contentReference[oaicite:6]{index=6}
   |                                           ^^^^^^ not found in this scope
   |
help: consider importing this struct
   |
1  + use crate::player::components::Player;
   |

error[E0412]: cannot find type `PrimaryWindow` in this scope
  --> src/player/systems.rs:66:39
   |
66 |     window_query: Query<&Window, With<PrimaryWindow>>, // Query the primary window for dimensions :contentReference[oaicite:7]{index=7}
   |                                       ^^^^^^^^^^^^^ not found in this scope
   |
help: consider importing this struct through its public re-export
   |
1  + use crate::PrimaryWindow;
   |

error[E0412]: cannot find type `Player` in this scope
  --> src/player/systems.rs:91:56
   |
91 |     mut player_query: Query<(Entity, &Transform), With<Player>>,
   |                                                        ^^^^^^ not found in this scope
   |
help: consider importing this struct
   |
1  + use crate::player::components::Player;
   |

error[E0412]: cannot find type `Enemy` in this scope
  --> src/player/systems.rs:92:41
   |
92 |     enemy_query: Query<&Transform, With<Enemy>>,
   |                                         ^^^^^ not found in this scope
   |
help: consider importing this struct
   |
1  + use crate::enemy::components::Enemy;
   |

error[E0425]: cannot find value `ENEMY_SIZE` in this scope
   --> src/player/systems.rs:101:32
    |
101 |             let enemy_radius = ENEMY_SIZE / 2.0;
    |                                ^^^^^^^^^^ not found in this scope
    |
help: consider importing this constant
    |
1   + use crate::enemy::ENEMY_SIZE;
    |

error[E0412]: cannot find type `Player` in this scope
   --> src/player/systems.rs:118:42
    |
118 |     player_query: Query<&Transform, With<Player>>,
    |                                          ^^^^^^ not found in this scope
    |
help: consider importing this struct
    |
1   + use crate::player::components::Player;
    |

error[E0412]: cannot find type `Star` in this scope
   --> src/player/systems.rs:119:50
    |
119 |     star_query: Query<(Entity, &Transform), With<Star>>,
    |                                                  ^^^^ not found in this scope
    |
help: consider importing this struct
    |
1   + use crate::star::components::Star;
    |

error[E0412]: cannot find type `Score` in this scope
   --> src/player/systems.rs:121:23
    |
121 |     mut score: ResMut<Score>,
    |                       ^^^^^ not found in this scope
    |
help: consider importing this struct
    |
1   + use crate::score::resources::Score;
    |

error[E0425]: cannot find value `STAR_SIZE` in this scope
   --> src/player/systems.rs:129:47
    |
129 |             if distance < PLAYER_SIZE / 2.0 + STAR_SIZE / 2.0 {
    |                                               ^^^^^^^^^ not found in this scope
    |
help: consider importing one of these constants
    |
1   + use crate::STAR_SIZE;
    |
1   + use crate::star::STAR_SIZE;
    |

error[E0412]: cannot find type `Commands` in this scope
 --> src/star/systems.rs:2:19
  |
2 |     mut commands: Commands,
  |                   ^^^^^^^^ not found in this scope
  |
help: consider importing one of these structs
  |
1 + use crate::Commands;
  |
1 + use bevy::prelude::Commands;
  |

error[E0412]: cannot find type `Query` in this scope
 --> src/star/systems.rs:3:19
  |
3 |     window_query: Query<&Window, With<PrimaryWindow>>,
  |                   ^^^^^ not found in this scope
  |
help: consider importing one of these structs
  |
1 + use crate::Query;
  |
1 + use bevy::prelude::Query;
  |

error[E0412]: cannot find type `Window` in this scope
 --> src/star/systems.rs:3:26
  |
3 |     window_query: Query<&Window, With<PrimaryWindow>>,
  |                          ^^^^^^ not found in this scope
  |
help: consider importing one of these structs
  |
1 + use crate::Window;
  |
1 + use bevy::prelude::Window;
  |

error[E0412]: cannot find type `With` in this scope
 --> src/star/systems.rs:3:34
  |
3 |     window_query: Query<&Window, With<PrimaryWindow>>,
  |                                  ^^^^ not found in this scope
  |
help: consider importing one of these structs
  |
1 + use crate::With;
  |
1 + use bevy::prelude::With;
  |

error[E0412]: cannot find type `PrimaryWindow` in this scope
 --> src/star/systems.rs:3:39
  |
3 |     window_query: Query<&Window, With<PrimaryWindow>>,
  |                                       ^^^^^^^^^^^^^ not found in this scope
  |
help: consider importing this struct through its public re-export
  |
1 + use crate::PrimaryWindow;
  |

error[E0412]: cannot find type `Query` in this scope
 --> src/star/systems.rs:4:18
  |
4 |     enemy_query: Query<&Transform, With<Enemy>>,
  |                  ^^^^^ not found in this scope
  |
help: consider importing one of these structs
  |
1 + use crate::Query;
  |
1 + use bevy::prelude::Query;
  |

error[E0412]: cannot find type `Transform` in this scope
 --> src/star/systems.rs:4:25
  |
4 |     enemy_query: Query<&Transform, With<Enemy>>,
  |                         ^^^^^^^^^ not found in this scope
  |
help: consider importing one of these structs
  |
1 + use crate::Transform;
  |
1 + use bevy::prelude::Transform;
  |

error[E0412]: cannot find type `With` in this scope
 --> src/star/systems.rs:4:36
  |
4 |     enemy_query: Query<&Transform, With<Enemy>>,
  |                                    ^^^^ not found in this scope
  |
help: consider importing one of these structs
  |
1 + use crate::With;
  |
1 + use bevy::prelude::With;
  |

error[E0412]: cannot find type `Enemy` in this scope
 --> src/star/systems.rs:4:41
  |
4 |     enemy_query: Query<&Transform, With<Enemy>>,
  |                                         ^^^^^ not found in this scope
  |
help: consider importing this struct
  |
1 + use crate::enemy::components::Enemy;
  |

error[E0412]: cannot find type `Res` in this scope
 --> src/star/systems.rs:5:19
  |
5 |     asset_server: Res<AssetServer>,
  |                   ^^^ not found in this scope
  |
help: consider importing one of these structs
  |
1 + use crate::Res;
  |
1 + use bevy::prelude::Res;
  |

error[E0412]: cannot find type `AssetServer` in this scope
 --> src/star/systems.rs:5:23
  |
5 |     asset_server: Res<AssetServer>,
  |                       ^^^^^^^^^^^ not found in this scope
  |
help: consider importing one of these structs
  |
1 + use crate::AssetServer;
  |
1 + use bevy::prelude::AssetServer;
  |

error[E0412]: cannot find type `Vec2` in this scope
 --> src/star/systems.rs:9:30
  |
9 |     let enemy_positions: Vec<Vec2> =
  |                              ^^^^
 --> /rustc/17067e9ac6d7ecb70e50f92c1944e545188d2359\library\alloc\src\vec\mod.rs:409:1
  |
  = note: similarly named struct `Vec` defined here
  |
help: a struct with a similar name exists
  |
9 -     let enemy_positions: Vec<Vec2> =
9 +     let enemy_positions: Vec<Vec> =
  |
help: consider importing one of these structs
  |
1 + use crate::Vec2;
  |
1 + use bevy::prelude::Vec2;
  |

error[E0425]: cannot find value `NUMBER_OF_STARS` in this scope
  --> src/star/systems.rs:12:17
   |
12 |     for _ in 0..NUMBER_OF_STARS {
   |                 ^^^^^^^^^^^^^^^ not found in this scope
   |
help: consider importing one of these constants
   |
1  + use crate::NUMBER_OF_STARS;
   |
1  + use crate::star::NUMBER_OF_STARS;
   |

error[E0433]: failed to resolve: use of undeclared type `Vec2`
  --> src/star/systems.rs:17:21
   |
17 |             pos2d = Vec2::new(
   |                     ^^^^ use of undeclared type `Vec2`
   |
help: a struct with a similar name exists
   |
17 -             pos2d = Vec2::new(
17 +             pos2d = Vec::new(
   |
help: consider importing one of these structs
   |
1  + use crate::Vec2;
   |
1  + use bevy::prelude::Vec2;
   |

error[E0425]: cannot find function `random` in this scope
  --> src/star/systems.rs:18:17
   |
18 |                 random::<f32>() * window.width(),
   |                 ^^^^^^ not found in this scope
   |
help: consider importing one of these functions
   |
1  + use std::random::random;
   |
1  + use rand::random;
   |

error[E0425]: cannot find function `random` in this scope
  --> src/star/systems.rs:19:17
   |
19 |                 random::<f32>() * window.height(),
   |                 ^^^^^^ not found in this scope
   |
help: consider importing one of these functions
   |
1  + use std::random::random;
   |
1  + use rand::random;
   |

error[E0425]: cannot find value `SAFE_DISTANCE` in this scope
  --> src/star/systems.rs:24:55
   |
24 |                 .all(|&e_pos| e_pos.distance(pos2d) > SAFE_DISTANCE)
   |                                                       ^^^^^^^^^^^^^ not found in this scope
   |
help: consider importing this constant
   |
1  + use crate::SAFE_DISTANCE;
   |

error[E0425]: cannot find value `MAX_ATTEMPTS` in this scope
  --> src/star/systems.rs:25:29
   |
25 |                 || tries >= MAX_ATTEMPTS
   |                             ^^^^^^^^^^^^ not found in this scope
   |
help: consider importing this constant
   |
1  + use crate::MAX_ATTEMPTS;
   |

error[E0433]: failed to resolve: use of undeclared type `Sprite`
  --> src/star/systems.rs:33:13
   |
33 |             Sprite::from_image(asset_server.load("sprites/star.png")),
   |             ^^^^^^ use of undeclared type `Sprite`
   |
help: consider importing one of these structs
   |
1  + use crate::Sprite;
   |
1  + use bevy::prelude::Sprite;
   |

error[E0433]: failed to resolve: use of undeclared type `Transform`
  --> src/star/systems.rs:34:13
   |
34 |             Transform::from_xyz(pos2d.x, pos2d.y, 0.0),
   |             ^^^^^^^^^ use of undeclared type `Transform`
   |
help: consider importing one of these structs
   |
1  + use crate::Transform;
   |
1  + use bevy::prelude::Transform;
   |

error[E0422]: cannot find struct, variant or union type `Star` in this scope
  --> src/star/systems.rs:35:13
   |
35 |             Star {},
   |             ^^^^ not found in this scope
   |
help: consider importing this struct
   |
1  + use crate::star::components::Star;
   |

error[E0412]: cannot find type `ResMut` in this scope
  --> src/star/systems.rs:40:52
   |
40 | pub fn tick_star_spawn_timer(mut star_spawn_timer: ResMut<StarSpawnTimer>, time: Res<Time>) {
   |                                                    ^^^^^^
  --> /rustc/17067e9ac6d7ecb70e50f92c1944e545188d2359\library\core\src\convert\mod.rs:369:1
   |
   = note: similarly named trait `AsMut` defined here
   |
help: a trait with a similar name exists
   |
40 - pub fn tick_star_spawn_timer(mut star_spawn_timer: ResMut<StarSpawnTimer>, time: Res<Time>) {
40 + pub fn tick_star_spawn_timer(mut star_spawn_timer: AsMut<StarSpawnTimer>, time: Res<Time>) {
   |
help: consider importing one of these structs
   |
1  + use crate::ResMut;
   |
1  + use bevy::prelude::ResMut;
   |

error[E0412]: cannot find type `StarSpawnTimer` in this scope
  --> src/star/systems.rs:40:59
   |
40 | pub fn tick_star_spawn_timer(mut star_spawn_timer: ResMut<StarSpawnTimer>, time: Res<Time>) {
   |                                                           ^^^^^^^^^^^^^^ not found in this scope
   |
help: consider importing this struct through its public re-export
   |
1  + use crate::star::StarSpawnTimer;
   |

error[E0412]: cannot find type `Res` in this scope
  --> src/star/systems.rs:40:82
   |
40 | pub fn tick_star_spawn_timer(mut star_spawn_timer: ResMut<StarSpawnTimer>, time: Res<Time>) {
   |                                                                                  ^^^ not found in this scope
   |
help: consider importing one of these structs
   |
1  + use crate::Res;
   |
1  + use bevy::prelude::Res;
   |

error[E0412]: cannot find type `Time` in this scope
  --> src/star/systems.rs:40:86
   |
40 | pub fn tick_star_spawn_timer(mut star_spawn_timer: ResMut<StarSpawnTimer>, time: Res<Time>) {
   |                                                                                      ^^^^ not found in this scope
   |
help: consider importing one of these structs
   |
1  + use crate::Time;
   |
1  + use bevy::prelude::Time;
   |

error[E0412]: cannot find type `Commands` in this scope
  --> src/star/systems.rs:45:19
   |
45 |     mut commands: Commands,
   |                   ^^^^^^^^ not found in this scope
   |
help: consider importing one of these structs
   |
1  + use crate::Commands;
   |
1  + use bevy::prelude::Commands;
   |

error[E0412]: cannot find type `Query` in this scope
  --> src/star/systems.rs:46:19
   |
46 |     window_query: Query<&Window, With<PrimaryWindow>>,
   |                   ^^^^^ not found in this scope
   |
help: consider importing one of these structs
   |
1  + use crate::Query;
   |
1  + use bevy::prelude::Query;
   |

error[E0412]: cannot find type `Window` in this scope
  --> src/star/systems.rs:46:26
   |
46 |     window_query: Query<&Window, With<PrimaryWindow>>,
   |                          ^^^^^^ not found in this scope
   |
help: consider importing one of these structs
   |
1  + use crate::Window;
   |
1  + use bevy::prelude::Window;
   |

error[E0412]: cannot find type `With` in this scope
  --> src/star/systems.rs:46:34
   |
46 |     window_query: Query<&Window, With<PrimaryWindow>>,
   |                                  ^^^^ not found in this scope
   |
help: consider importing one of these structs
   |
1  + use crate::With;
   |
1  + use bevy::prelude::With;
   |

error[E0412]: cannot find type `PrimaryWindow` in this scope
  --> src/star/systems.rs:46:39
   |
46 |     window_query: Query<&Window, With<PrimaryWindow>>,
   |                                       ^^^^^^^^^^^^^ not found in this scope
   |
help: consider importing this struct through its public re-export
   |
1  + use crate::PrimaryWindow;
   |

error[E0412]: cannot find type `Res` in this scope
  --> src/star/systems.rs:47:19
   |
47 |     asset_server: Res<AssetServer>,
   |                   ^^^ not found in this scope
   |
help: consider importing one of these structs
   |
1  + use crate::Res;
   |
1  + use bevy::prelude::Res;
   |

error[E0412]: cannot find type `AssetServer` in this scope
  --> src/star/systems.rs:47:23
   |
47 |     asset_server: Res<AssetServer>,
   |                       ^^^^^^^^^^^ not found in this scope
   |
help: consider importing one of these structs
   |
1  + use crate::AssetServer;
   |
1  + use bevy::prelude::AssetServer;
   |

error[E0412]: cannot find type `Res` in this scope
  --> src/star/systems.rs:48:23
   |
48 |     star_spawn_timer: Res<StarSpawnTimer>,
   |                       ^^^ not found in this scope
   |
help: consider importing one of these structs
   |
1  + use crate::Res;
   |
1  + use bevy::prelude::Res;
   |

error[E0412]: cannot find type `StarSpawnTimer` in this scope
  --> src/star/systems.rs:48:27
   |
48 |     star_spawn_timer: Res<StarSpawnTimer>,
   |                           ^^^^^^^^^^^^^^ not found in this scope
   |
help: consider importing this struct through its public re-export
   |
1  + use crate::star::StarSpawnTimer;
   |

error[E0433]: failed to resolve: use of undeclared type `Vec2`
  --> src/star/systems.rs:52:21
   |
52 |         let pos2d = Vec2::new(
   |                     ^^^^ use of undeclared type `Vec2`
   |
help: a struct with a similar name exists
   |
52 -         let pos2d = Vec2::new(
52 +         let pos2d = Vec::new(
   |
help: consider importing one of these structs
   |
1  + use crate::Vec2;
   |
1  + use bevy::prelude::Vec2;
   |

error[E0425]: cannot find function `random` in this scope
  --> src/star/systems.rs:53:13
   |
53 |             random::<f32>() * window.width(),
   |             ^^^^^^ not found in this scope
   |
help: consider importing one of these functions
   |
1  + use std::random::random;
   |
1  + use rand::random;
   |

error[E0425]: cannot find function `random` in this scope
  --> src/star/systems.rs:54:13
   |
54 |             random::<f32>() * window.height(),
   |             ^^^^^^ not found in this scope
   |
help: consider importing one of these functions
   |
1  + use std::random::random;
   |
1  + use rand::random;
   |

error[E0433]: failed to resolve: use of undeclared type `Sprite`
  --> src/star/systems.rs:58:13
   |
58 |             Sprite::from_image(asset_server.load("sprites/star.png")),
   |             ^^^^^^ use of undeclared type `Sprite`
   |
help: consider importing one of these structs
   |
1  + use crate::Sprite;
   |
1  + use bevy::prelude::Sprite;
   |

error[E0433]: failed to resolve: use of undeclared type `Transform`
  --> src/star/systems.rs:59:13
   |
59 |             Transform::from_xyz(pos2d.x, pos2d.y, 0.0),
   |             ^^^^^^^^^ use of undeclared type `Transform`
   |
help: consider importing one of these structs
   |
1  + use crate::Transform;
   |
1  + use bevy::prelude::Transform;
   |

error[E0422]: cannot find struct, variant or union type `Star` in this scope
  --> src/star/systems.rs:60:13
   |
60 |             Star {},
   |             ^^^^ not found in this scope
   |
help: consider importing this struct
   |
1  + use crate::star::components::Star;
   |

error[E0425]: cannot find value `ENEMY_SIZE` in this scope
  --> src/main.rs:32:28
   |
32 | const SAFE_DISTANCE: f32 = ENEMY_SIZE + STAR_SIZE + 20.0;  // e.g. leave a 20px margin
   |                            ^^^^^^^^^^ not found in this scope
   |
help: consider importing this constant
   |
10 + use crate::enemy::ENEMY_SIZE;
   |

error[E0433]: failed to resolve: use of undeclared type `NonZeroU32`
  --> src/main.rs:67:57
   |
67 |                     desired_maximum_frame_latency: Some(NonZeroU32::new(3).unwrap()),
   |                                                         ^^^^^^^^^^ use of undeclared type `NonZeroU32`
   |
help: consider importing this type alias
   |
10 + use std::num::NonZeroU32;
   |

warning: unused imports: `PresentMode`, `WindowPlugin`, and `WindowResolution`
 --> src/enemy/systems.rs:2:20
  |
2 | use bevy::window::{WindowPlugin, PresentMode, Window, WindowResolution, PrimaryWindow};
  |                    ^^^^^^^^^^^^  ^^^^^^^^^^^          ^^^^^^^^^^^^^^^^
  |
  = note: `#[warn(unused_imports)]` on by default

warning: unused import: `PrimaryWindow`
  --> src/main.rs:22:73
   |
22 | use bevy::window::{WindowPlugin, PresentMode, Window, WindowResolution, PrimaryWindow};
   |                                                                         ^^^^^^^^^^^^^

error[E0277]: `events::GameOver` is not an `Event`
  --> src/systems.rs:36:53
   |
36 | pub fn handle_game_over(mut game_over_event_reader: EventReader<GameOver>) {
   |                                                     ^^^^^^^^^^^^^^^^^^^^^ invalid `Event`
   |
   = help: the trait `bevy::prelude::Event` is not implemented for `events::GameOver`
   = note: consider annotating `events::GameOver` with `#[derive(Event)]`
   = help: the following other types implement trait `bevy::prelude::Event`:
             ActionRequest
             AppExit
             AssetEvent<A>
             AssetLoadFailedEvent<A>
             FocusedInput<E>
             GamepadAxisChangedEvent
             GamepadButtonChangedEvent
             GamepadButtonStateChangedEvent
           and 52 others
note: required by a bound in `bevy::prelude::EventReader`
  --> /home/joseph/.cargo/registry/src/index.crates.io-1949cf8c6b5b557f/bevy_ecs-0.16.1/src/event/reader.rs:17:35
   |
17 | pub struct EventReader<'w, 's, E: Event> {
   |                                   ^^^^^ required by this bound in `EventReader`

error[E0277]: `events::GameOver` is not an `Event`
  --> src/score/systems.rs:13:33
   |
13 |     mut game_over_event_reader: EventReader<GameOver>,
   |                                 ^^^^^^^^^^^^^^^^^^^^^ invalid `Event`
   |
   = help: the trait `bevy::prelude::Event` is not implemented for `events::GameOver`
   = note: consider annotating `events::GameOver` with `#[derive(Event)]`
   = help: the following other types implement trait `bevy::prelude::Event`:
             ActionRequest
             AppExit
             AssetEvent<A>
             AssetLoadFailedEvent<A>
             FocusedInput<E>
             GamepadAxisChangedEvent
             GamepadButtonChangedEvent
             GamepadButtonStateChangedEvent
           and 52 others
note: required by a bound in `bevy::prelude::EventReader`
  --> /home/joseph/.cargo/registry/src/index.crates.io-1949cf8c6b5b557f/bevy_ecs-0.16.1/src/event/reader.rs:17:35
   |
17 | pub struct EventReader<'w, 's, E: Event> {
   |                                   ^^^^^ required by this bound in `EventReader`

error[E0599]: the method `read` exists for struct `EventReader<'_, '_, GameOver>`, but its trait bounds were not satisfied
  --> src/systems.rs:37:41
   |
37 |     for event in game_over_event_reader.read() {
   |                                         ^^^^ method cannot be called on `EventReader<'_, '_, GameOver>` due to unsatisfied trait bounds
   |
  ::: src/events.rs:1:1
   |
1  | pub struct GameOver {
   | ------------------- doesn't satisfy `events::GameOver: bevy::prelude::Event`
   |
   = note: the following trait bounds were not satisfied:
           `events::GameOver: bevy::prelude::Event`
note: the trait `bevy::prelude::Event` must be implemented
  --> /home/joseph/.cargo/registry/src/index.crates.io-1949cf8c6b5b557f/bevy_ecs-0.16.1/src/event/base.rs:48:1
   |
48 | pub trait Event: Send + Sync + 'static {
   | ^^^^^^^^^^^^^^^^^^^^^^^^^^^^^^^^^^^^^^

warning: use of deprecated method `bevy::prelude::Query::<'w, 's, D, F>::get_single`: Please use `single` instead
   --> src/enemy/systems.rs:163:35
    |
163 |         let window = window_query.get_single().unwrap();
    |                                   ^^^^^^^^^^
    |
    = note: `#[warn(deprecated)]` on by default

error[E0616]: field `value` of struct `bevy::prelude::ResMut` is private
   --> src/player/systems.rs:131:23
    |
131 |                 score.value += 1;
    |                       ^^^^^ private field

error[E0599]: no method named `add_startup_system` found for mutable reference `&mut bevy::prelude::App` in the current scope
  --> src/player/mod.rs:12:13
   |
12 |         app.add_startup_system(spawn_player)
   |             ^^^^^^^^^^^^^^^^^^
   |
help: there is a method `add_sub_state` with a similar name, but with different arguments
  --> /home/joseph/.cargo/registry/src/index.crates.io-1949cf8c6b5b557f/bevy_state-0.16.1/src/app.rs:58:5
   |
58 |     fn add_sub_state<S: SubStates>(&mut self) -> &mut Self;
   |     ^^^^^^^^^^^^^^^^^^^^^^^^^^^^^^^^^^^^^^^^^^^^^^^^^^^^^^^

error[E0599]: the method `read` exists for struct `EventReader<'_, '_, GameOver>`, but its trait bounds were not satisfied
  --> src/score/systems.rs:16:41
   |
16 |     for event in game_over_event_reader.read() {
   |                                         ^^^^ method cannot be called on `EventReader<'_, '_, GameOver>` due to unsatisfied trait bounds
   |
  ::: src/events.rs:1:1
   |
1  | pub struct GameOver {
   | ------------------- doesn't satisfy `events::GameOver: bevy::prelude::Event`
   |
   = note: the following trait bounds were not satisfied:
           `events::GameOver: bevy::prelude::Event`
note: the trait `bevy::prelude::Event` must be implemented
  --> /home/joseph/.cargo/registry/src/index.crates.io-1949cf8c6b5b557f/bevy_ecs-0.16.1/src/event/base.rs:48:1
   |
48 | pub trait Event: Send + Sync + 'static {
   | ^^^^^^^^^^^^^^^^^^^^^^^^^^^^^^^^^^^^^^

error[E0277]: `fn(EventReader<'a, 'b, GameOver>, ...) {update_high_scores}` does not describe a valid system configuration
   --> src/score/mod.rs:16:34
    |
16  |             .add_systems(Update, update_high_scores)
    |              -----------         ^^^^^^^^^^^^^^^^^^ invalid system configuration
    |              |
    |              required by a bound introduced by this call
    |
    = help: the trait `IntoScheduleConfigs<Box<(dyn bevy::prelude::System<In = (), Out = Result<(), BevyError>> + 'static)>, _>` is not implemented for fn item `fn(EventReader<'a, 'b, GameOver>, ...) {update_high_scores}`
    = help: the following other types implement trait `IntoScheduleConfigs<T, Marker>`:
              `(S,)` implements `IntoScheduleConfigs<T, (ScheduleConfigTupleMarker, P)>`
              `(S0, S1)` implements `IntoScheduleConfigs<T, (ScheduleConfigTupleMarker, P0, P1)>`
              `(S0, S1, S2)` implements `IntoScheduleConfigs<T, (ScheduleConfigTupleMarker, P0, P1, P2)>`
              `(S0, S1, S2, S3)` implements `IntoScheduleConfigs<T, (ScheduleConfigTupleMarker, P0, P1, P2, P3)>`
              `(S0, S1, S2, S3, S4)` implements `IntoScheduleConfigs<T, (ScheduleConfigTupleMarker, P0, P1, P2, P3, P4)>`
              `(S0, S1, S2, S3, S4, S5)` implements `IntoScheduleConfigs<T, (ScheduleConfigTupleMarker, P0, P1, P2, P3, P4, P5)>`
              `(S0, S1, S2, S3, S4, S5, S6)` implements `IntoScheduleConfigs<T, (ScheduleConfigTupleMarker, P0, P1, P2, P3, P4, P5, P6)>`
              `(S0, S1, S2, S3, S4, S5, S6, S7)` implements `IntoScheduleConfigs<T, (ScheduleConfigTupleMarker, P0, P1, P2, P3, P4, P5, P6, P7)>`
            and 14 others
note: required by a bound in `bevy::prelude::App::add_systems`
   --> /home/joseph/.cargo/registry/src/index.crates.io-1949cf8c6b5b557f/bevy_app-0.16.1/src/app.rs:304:23
    |
301 |     pub fn add_systems<M>(
    |            ----------- required by a bound in this associated function
...
304 |         systems: impl IntoScheduleConfigs<ScheduleSystem, M>,
    |                       ^^^^^^^^^^^^^^^^^^^^^^^^^^^^^^^^^^^^^^ required by this bound in `App::add_systems`
    = note: the full name for the type has been written to '/home/joseph/bevy_tuts/ball-game/target/x86_64-pc-windows-msvc/debug/deps/ball_game.long-type-14758821049577529822.txt'
    = note: consider using `--verbose` to print the full type name to the console

error[E0277]: `fn({type error}, {type error}, {type error}, {type error}) {star::systems::spawn_stars}` does not describe a valid system configuration
   --> src/star/mod.rs:18:35
    |
18  |             .add_systems(Startup, spawn_stars)
    |              -----------          ^^^^^^^^^^^ invalid system configuration
    |              |
    |              required by a bound introduced by this call
    |
    = help: the trait `IntoScheduleConfigs<Box<(dyn bevy::prelude::System<In = (), Out = Result<(), BevyError>> + 'static)>, _>` is not implemented for fn item `fn({type error}, {type error}, {type error}, {type error}) {star::systems::spawn_stars}`
    = help: the following other types implement trait `IntoScheduleConfigs<T, Marker>`:
              `(S,)` implements `IntoScheduleConfigs<T, (ScheduleConfigTupleMarker, P)>`
              `(S0, S1)` implements `IntoScheduleConfigs<T, (ScheduleConfigTupleMarker, P0, P1)>`
              `(S0, S1, S2)` implements `IntoScheduleConfigs<T, (ScheduleConfigTupleMarker, P0, P1, P2)>`
              `(S0, S1, S2, S3)` implements `IntoScheduleConfigs<T, (ScheduleConfigTupleMarker, P0, P1, P2, P3)>`
              `(S0, S1, S2, S3, S4)` implements `IntoScheduleConfigs<T, (ScheduleConfigTupleMarker, P0, P1, P2, P3, P4)>`
              `(S0, S1, S2, S3, S4, S5)` implements `IntoScheduleConfigs<T, (ScheduleConfigTupleMarker, P0, P1, P2, P3, P4, P5)>`
              `(S0, S1, S2, S3, S4, S5, S6)` implements `IntoScheduleConfigs<T, (ScheduleConfigTupleMarker, P0, P1, P2, P3, P4, P5, P6)>`
              `(S0, S1, S2, S3, S4, S5, S6, S7)` implements `IntoScheduleConfigs<T, (ScheduleConfigTupleMarker, P0, P1, P2, P3, P4, P5, P6, P7)>`
            and 14 others
note: required by a bound in `bevy::prelude::App::add_systems`
   --> /home/joseph/.cargo/registry/src/index.crates.io-1949cf8c6b5b557f/bevy_app-0.16.1/src/app.rs:304:23
    |
301 |     pub fn add_systems<M>(
    |            ----------- required by a bound in this associated function
...
304 |         systems: impl IntoScheduleConfigs<ScheduleSystem, M>,
    |                       ^^^^^^^^^^^^^^^^^^^^^^^^^^^^^^^^^^^^^^ required by this bound in `App::add_systems`

error[E0277]: `fn({type error}, {type error}) {star::systems::tick_star_spawn_timer}` does not describe a valid system configuration
   --> src/star/mod.rs:19:35
    |
19  |             .add_systems(Startup, tick_star_spawn_timer)
    |              -----------          ^^^^^^^^^^^^^^^^^^^^^ invalid system configuration
    |              |
    |              required by a bound introduced by this call
    |
    = help: the trait `IntoScheduleConfigs<Box<(dyn bevy::prelude::System<In = (), Out = Result<(), BevyError>> + 'static)>, _>` is not implemented for fn item `fn({type error}, {type error}) {star::systems::tick_star_spawn_timer}`
    = help: the following other types implement trait `IntoScheduleConfigs<T, Marker>`:
              `(S,)` implements `IntoScheduleConfigs<T, (ScheduleConfigTupleMarker, P)>`
              `(S0, S1)` implements `IntoScheduleConfigs<T, (ScheduleConfigTupleMarker, P0, P1)>`
              `(S0, S1, S2)` implements `IntoScheduleConfigs<T, (ScheduleConfigTupleMarker, P0, P1, P2)>`
              `(S0, S1, S2, S3)` implements `IntoScheduleConfigs<T, (ScheduleConfigTupleMarker, P0, P1, P2, P3)>`
              `(S0, S1, S2, S3, S4)` implements `IntoScheduleConfigs<T, (ScheduleConfigTupleMarker, P0, P1, P2, P3, P4)>`
              `(S0, S1, S2, S3, S4, S5)` implements `IntoScheduleConfigs<T, (ScheduleConfigTupleMarker, P0, P1, P2, P3, P4, P5)>`
              `(S0, S1, S2, S3, S4, S5, S6)` implements `IntoScheduleConfigs<T, (ScheduleConfigTupleMarker, P0, P1, P2, P3, P4, P5, P6)>`
              `(S0, S1, S2, S3, S4, S5, S6, S7)` implements `IntoScheduleConfigs<T, (ScheduleConfigTupleMarker, P0, P1, P2, P3, P4, P5, P6, P7)>`
            and 14 others
note: required by a bound in `bevy::prelude::App::add_systems`
   --> /home/joseph/.cargo/registry/src/index.crates.io-1949cf8c6b5b557f/bevy_app-0.16.1/src/app.rs:304:23
    |
301 |     pub fn add_systems<M>(
    |            ----------- required by a bound in this associated function
...
304 |         systems: impl IntoScheduleConfigs<ScheduleSystem, M>,
    |                       ^^^^^^^^^^^^^^^^^^^^^^^^^^^^^^^^^^^^^^ required by this bound in `App::add_systems`

error[E0277]: `fn({type error}, {type error}, ..., ...) {spawn_stars_over_time}` does not describe a valid system configuration
   --> src/star/mod.rs:20:35
    |
20  |             .add_systems(Startup, spawn_stars_over_time);
    |              -----------          ^^^^^^^^^^^^^^^^^^^^^ invalid system configuration
    |              |
    |              required by a bound introduced by this call
    |
    = help: the trait `IntoScheduleConfigs<Box<(dyn bevy::prelude::System<In = (), Out = Result<(), BevyError>> + 'static)>, _>` is not implemented for fn item `fn({type error}, {type error}, ..., ...) {spawn_stars_over_time}`
    = help: the following other types implement trait `IntoScheduleConfigs<T, Marker>`:
              `(S,)` implements `IntoScheduleConfigs<T, (ScheduleConfigTupleMarker, P)>`
              `(S0, S1)` implements `IntoScheduleConfigs<T, (ScheduleConfigTupleMarker, P0, P1)>`
              `(S0, S1, S2)` implements `IntoScheduleConfigs<T, (ScheduleConfigTupleMarker, P0, P1, P2)>`
              `(S0, S1, S2, S3)` implements `IntoScheduleConfigs<T, (ScheduleConfigTupleMarker, P0, P1, P2, P3)>`
              `(S0, S1, S2, S3, S4)` implements `IntoScheduleConfigs<T, (ScheduleConfigTupleMarker, P0, P1, P2, P3, P4)>`
              `(S0, S1, S2, S3, S4, S5)` implements `IntoScheduleConfigs<T, (ScheduleConfigTupleMarker, P0, P1, P2, P3, P4, P5)>`
              `(S0, S1, S2, S3, S4, S5, S6)` implements `IntoScheduleConfigs<T, (ScheduleConfigTupleMarker, P0, P1, P2, P3, P4, P5, P6)>`
              `(S0, S1, S2, S3, S4, S5, S6, S7)` implements `IntoScheduleConfigs<T, (ScheduleConfigTupleMarker, P0, P1, P2, P3, P4, P5, P6, P7)>`
            and 14 others
note: required by a bound in `bevy::prelude::App::add_systems`
   --> /home/joseph/.cargo/registry/src/index.crates.io-1949cf8c6b5b557f/bevy_app-0.16.1/src/app.rs:304:23
    |
301 |     pub fn add_systems<M>(
    |            ----------- required by a bound in this associated function
...
304 |         systems: impl IntoScheduleConfigs<ScheduleSystem, M>,
    |                       ^^^^^^^^^^^^^^^^^^^^^^^^^^^^^^^^^^^^^^ required by this bound in `App::add_systems`
    = note: the full name for the type has been written to '/home/joseph/bevy_tuts/ball-game/target/x86_64-pc-windows-msvc/debug/deps/ball_game.long-type-3664357014336384670.txt'
    = note: consider using `--verbose` to print the full type name to the console

error[E0277]: `events::GameOver` is not an `Event`
   --> src/main.rs:81:22
    |
81  |         .add_event::<GameOver>()
    |          ---------   ^^^^^^^^ invalid `Event`
    |          |
    |          required by a bound introduced by this call
    |
    = help: the trait `bevy::prelude::Event` is not implemented for `events::GameOver`
    = note: consider annotating `events::GameOver` with `#[derive(Event)]`
    = help: the following other types implement trait `bevy::prelude::Event`:
              ActionRequest
              AppExit
              AssetEvent<A>
              AssetLoadFailedEvent<A>
              FocusedInput<E>
              GamepadAxisChangedEvent
              GamepadButtonChangedEvent
              GamepadButtonStateChangedEvent
            and 52 others
note: required by a bound in `bevy::prelude::App::add_event`
   --> /home/joseph/.cargo/registry/src/index.crates.io-1949cf8c6b5b557f/bevy_app-0.16.1/src/app.rs:360:12
    |
358 |     pub fn add_event<T>(&mut self) -> &mut Self
    |            --------- required by a bound in this associated function
359 |     where
360 |         T: Event,
    |            ^^^^^ required by this bound in `App::add_event`

error[E0277]: `fn(EventReader<'a, 'b, GameOver>) {handle_game_over}` does not describe a valid system configuration
   --> src/main.rs:88:30
    |
88  |         .add_systems(Update, handle_game_over)
    |          -----------         ^^^^^^^^^^^^^^^^ invalid system configuration
    |          |
    |          required by a bound introduced by this call
    |
    = help: the trait `IntoScheduleConfigs<Box<(dyn bevy::prelude::System<In = (), Out = Result<(), BevyError>> + 'static)>, _>` is not implemented for fn item `fn(EventReader<'a, 'b, GameOver>) {handle_game_over}`
    = help: the following other types implement trait `IntoScheduleConfigs<T, Marker>`:
              `(S,)` implements `IntoScheduleConfigs<T, (ScheduleConfigTupleMarker, P)>`
              `(S0, S1)` implements `IntoScheduleConfigs<T, (ScheduleConfigTupleMarker, P0, P1)>`
              `(S0, S1, S2)` implements `IntoScheduleConfigs<T, (ScheduleConfigTupleMarker, P0, P1, P2)>`
              `(S0, S1, S2, S3)` implements `IntoScheduleConfigs<T, (ScheduleConfigTupleMarker, P0, P1, P2, P3)>`
              `(S0, S1, S2, S3, S4)` implements `IntoScheduleConfigs<T, (ScheduleConfigTupleMarker, P0, P1, P2, P3, P4)>`
              `(S0, S1, S2, S3, S4, S5)` implements `IntoScheduleConfigs<T, (ScheduleConfigTupleMarker, P0, P1, P2, P3, P4, P5)>`
              `(S0, S1, S2, S3, S4, S5, S6)` implements `IntoScheduleConfigs<T, (ScheduleConfigTupleMarker, P0, P1, P2, P3, P4, P5, P6)>`
              `(S0, S1, S2, S3, S4, S5, S6, S7)` implements `IntoScheduleConfigs<T, (ScheduleConfigTupleMarker, P0, P1, P2, P3, P4, P5, P6, P7)>`
            and 14 others
note: required by a bound in `bevy::prelude::App::add_systems`
   --> /home/joseph/.cargo/registry/src/index.crates.io-1949cf8c6b5b557f/bevy_app-0.16.1/src/app.rs:304:23
    |
301 |     pub fn add_systems<M>(
    |            ----------- required by a bound in this associated function
...
304 |         systems: impl IntoScheduleConfigs<ScheduleSystem, M>,
    |                       ^^^^^^^^^^^^^^^^^^^^^^^^^^^^^^^^^^^^^^ required by this bound in `App::add_systems`
    = note: the full name for the type has been written to '/home/joseph/bevy_tuts/ball-game/target/x86_64-pc-windows-msvc/debug/deps/ball_game.long-type-5756800514089097628.txt'
    = note: consider using `--verbose` to print the full type name to the console

Some errors have detailed explanations: E0277, E0412, E0422, E0425, E0433, E0599, E0616.
For more information about an error, try `rustc --explain E0277`.
warning: `ball-game` (bin "ball-game") generated 3 warnings
error: could not compile `ball-game` (bin "ball-game") due to 68 previous errors; 3 warnings emitted
win.sh: line 6: /home/joseph/bevy_tuts/ball-game/ball-game.exe: No such file or directory
